<?xml version="1.0" encoding="UTF-8"?>
<!-- Generated by org.testng.reporters.JUnitReportReporter -->
<testsuite skipped="0" hostname="LAPTOP" name="obsquratest.FormSubmit" tests="1" failures="0" timestamp="5 Mar 2023 01:47:32 GMT" time="13.390" errors="0">
  <testcase name="submit" time="13.390" classname="obsquratest.FormSubmit"/>
</testsuite> <!-- obsquratest.FormSubmit -->
