<?xml version="1.0" encoding="UTF-8"?>
<!-- Generated by org.testng.reporters.JUnitReportReporter -->
<testsuite skipped="0" hostname="LAPTOP" name="obsquratest.DragAndDrop" tests="1" failures="0" timestamp="9 Mar 2023 12:06:30 GMT" time="0.622" errors="0">
  <testcase name="test" time="0.622" classname="obsquratest.DragAndDrop"/>
</testsuite> <!-- obsquratest.DragAndDrop -->
