<?xml version="1.0" encoding="UTF-8"?>
<!-- Generated by org.testng.reporters.JUnitReportReporter -->
<testsuite hostname="LAPTOP" failures="0" tests="1" name="obsquratest.MouseHover" time="0.538" errors="0" timestamp="2023-03-20T08:13:33 IST" skipped="0">
  <testcase classname="obsquratest.MouseHover" name="test" time="0.538"/>
  <system-out/>
</testsuite> <!-- obsquratest.MouseHover -->
