<?xml version="1.0" encoding="UTF-8"?>
<!-- Generated by org.testng.reporters.JUnitReportReporter -->
<testsuite skipped="0" hostname="LAPTOP" name="obsquratest.WebElement1" tests="1" failures="0" timestamp="27 Feb 2023 01:07:11 GMT" time="1.444" errors="0">
  <testcase name="Verify" time="1.444" classname="obsquratest.WebElement1"/>
</testsuite> <!-- obsquratest.WebElement1 -->
