<?xml version="1.0" encoding="UTF-8"?>
<!-- Generated by org.testng.reporters.JUnitReportReporter -->
<testsuite hostname="LAPTOP" failures="0" tests="1" name="obsquratest.Iframetest" time="1.621" errors="0" timestamp="2023-03-29T07:41:40 IST" skipped="0">
  <testcase classname="obsquratest.Iframetest" name="test" time="1.621"/>
  <system-out/>
</testsuite> <!-- obsquratest.Iframetest -->
