<?xml version="1.0" encoding="UTF-8"?>
<!-- Generated by org.testng.reporters.JUnitReportReporter -->
<testsuite hostname="LAPTOP" failures="0" tests="2" name="obsquratest.Screenshots" time="10.653" errors="0" timestamp="2023-03-21T08:21:44 IST" skipped="0">
  <testcase classname="obsquratest.Screenshots" name="wikipedia1" time="3.192"/>
  <system-out/>
  <testcase classname="obsquratest.Screenshots" name="wikipedia2" time="7.461"/>
  <system-out/>
</testsuite> <!-- obsquratest.Screenshots -->
