<?xml version="1.0" encoding="UTF-8"?>
<!-- Generated by org.testng.reporters.JUnitReportReporter -->
<testsuite hostname="LAPTOP" failures="0" tests="1" name="obsquratest.ScrollDown" time="0.522" errors="0" timestamp="2023-03-22T08:16:03 IST" skipped="0">
  <testcase classname="obsquratest.ScrollDown" name="test" time="0.522"/>
  <system-out/>
</testsuite> <!-- obsquratest.ScrollDown -->
