<?xml version="1.0" encoding="UTF-8"?>
<!-- Generated by org.testng.reporters.JUnitReportReporter -->
<testsuite hostname="LAPTOP" failures="0" tests="1" name="obsquratest.UploadFileGuru" time="0.545" errors="0" timestamp="2023-03-21T07:29:21 IST" skipped="0">
  <testcase classname="obsquratest.UploadFileGuru" name="test" time="0.545"/>
  <system-out/>
</testsuite> <!-- obsquratest.UploadFileGuru -->
