<?xml version="1.0" encoding="UTF-8"?>
<!-- Generated by org.testng.reporters.JUnitReportReporter -->
<testsuite hostname="LAPTOP" failures="0" tests="1" name="obsquratest.DownloadFile" time="0.534" errors="0" timestamp="2023-04-03T07:33:31 IST" skipped="0">
  <testcase classname="obsquratest.DownloadFile" name="test" time="0.534"/>
  <system-out/>
</testsuite> <!-- obsquratest.DownloadFile -->
