<?xml version="1.0" encoding="UTF-8"?>
<!-- Generated by org.testng.reporters.JUnitReportReporter -->
<testsuite skipped="0" hostname="LAPTOP" name="obsquratest.RadioButtonExample" tests="1" failures="0" timestamp="1 Mar 2023 03:00:15 GMT" time="3.690" errors="0">
  <testcase name="radiobuttondemo" time="3.690" classname="obsquratest.RadioButtonExample"/>
</testsuite> <!-- obsquratest.RadioButtonExample -->
