<?xml version="1.0" encoding="UTF-8"?>
<!-- Generated by org.testng.reporters.JUnitReportReporter -->
<testsuite hostname="LAPTOP" failures="0" tests="1" name="obsquratest.ExcelPgm" time="3.564" errors="0" timestamp="2023-04-03T18:15:39 IST" skipped="0">
  <testcase classname="obsquratest.ExcelPgm" name="f" time="3.564"/>
  <system-out/>
</testsuite> <!-- obsquratest.ExcelPgm -->
