<?xml version="1.0" encoding="UTF-8"?>
<!-- Generated by org.testng.reporters.JUnitReportReporter -->
<testsuite skipped="0" hostname="LAPTOP" name="obsquratest.RoboClass" tests="1" failures="0" timestamp="5 Mar 2023 01:20:08 GMT" time="1.940" errors="0">
  <testcase name="nexttab" time="1.940" classname="obsquratest.RoboClass"/>
</testsuite> <!-- obsquratest.RoboClass -->
