<?xml version="1.0" encoding="UTF-8"?>
<!-- Generated by org.testng.reporters.JUnitReportReporter -->
<testsuite hostname="LAPTOP" failures="0" tests="1" name="obsquratest.CssSelect" time="13.218" errors="0" timestamp="2023-03-27T08:16:21 IST" skipped="0">
  <testcase classname="obsquratest.CssSelect" name="test" time="13.218"/>
  <system-out/>
</testsuite> <!-- obsquratest.CssSelect -->
