<?xml version="1.0" encoding="UTF-8"?>
<!-- Generated by org.testng.reporters.JUnitReportReporter -->
<testsuite skipped="0" hostname="LAPTOP" name="BrowserCommands.NavigationCommands" tests="1" failures="0" timestamp="22 Feb 2023 01:39:43 GMT" time="9.742" errors="0">
  <testcase name="Commands" time="9.742" classname="BrowserCommands.NavigationCommands"/>
</testsuite> <!-- BrowserCommands.NavigationCommands -->
