<?xml version="1.0" encoding="UTF-8"?>
<!-- Generated by org.testng.reporters.JUnitReportReporter -->
<testsuite skipped="0" hostname="LAPTOP" name="obsquratest.DropDownUsingControlKey" tests="1" failures="0" timestamp="9 Mar 2023 02:26:29 GMT" time="1.239" errors="0">
  <testcase name="f" time="1.239" classname="obsquratest.DropDownUsingControlKey"/>
</testsuite> <!-- obsquratest.DropDownUsingControlKey -->
