<?xml version="1.0" encoding="UTF-8"?>
<!-- Generated by org.testng.reporters.JUnitReportReporter -->
<testsuite skipped="0" hostname="LAPTOP" name="obsquratest.SelectInput" tests="1" failures="0" timestamp="6 Mar 2023 02:56:16 GMT" time="2.952" errors="0">
  <testcase name="dropdownbox" time="2.952" classname="obsquratest.SelectInput"/>
</testsuite> <!-- obsquratest.SelectInput -->
