<?xml version="1.0" encoding="UTF-8"?>
<!-- Generated by org.testng.reporters.JUnitReportReporter -->
<testsuite skipped="0" hostname="LAPTOP" name="Testmethods.MultipleTest" tests="1" failures="0" timestamp="24 Feb 2023 02:04:07 GMT" time="0.020" errors="0">
  <testcase name="methdod2" time="0.020" classname="Testmethods.MultipleTest"/>
</testsuite> <!-- Testmethods.MultipleTest -->
