<?xml version="1.0" encoding="UTF-8"?>
<!-- Generated by org.testng.reporters.JUnitReportReporter -->
<testsuite skipped="0" hostname="LAPTOP" name="obsquratest.ObsquraDragDrop" tests="1" failures="0" timestamp="10 Mar 2023 02:12:34 GMT" time="2.994" errors="0">
  <testcase name="test" time="2.994" classname="obsquratest.ObsquraDragDrop"/>
</testsuite> <!-- obsquratest.ObsquraDragDrop -->
