<?xml version="1.0" encoding="UTF-8"?>
<!-- Generated by org.testng.reporters.JUnitReportReporter -->
<testsuite skipped="0" hostname="LAPTOP" name="obsquratest.RoboClass" tests="1" failures="0" timestamp="6 Mar 2023 02:16:58 GMT" time="3.816" errors="0">
  <testcase name="nexttab" time="3.816" classname="obsquratest.RoboClass"/>
</testsuite> <!-- obsquratest.RoboClass -->
