<?xml version="1.0" encoding="UTF-8"?>
<!-- Generated by org.testng.reporters.JUnitReportReporter -->
<testsuite skipped="0" hostname="LAPTOP" name="obsquratest.SoftwareTestingMaterial" tests="1" failures="0" timestamp="9 Mar 2023 02:26:06 GMT" time="6.327" errors="0">
  <testcase name="test" time="6.327" classname="obsquratest.SoftwareTestingMaterial"/>
</testsuite> <!-- obsquratest.SoftwareTestingMaterial -->
