<?xml version="1.0" encoding="UTF-8"?>
<!-- Generated by org.testng.reporters.JUnitReportReporter -->
<testsuite skipped="0" hostname="LAPTOP" name="obsquratest.AssertionExample" tests="1" failures="0" timestamp="27 Feb 2023 03:02:33 GMT" time="0.220" errors="0">
  <testcase name="checkboxfunction" time="0.220" classname="obsquratest.AssertionExample"/>
</testsuite> <!-- obsquratest.AssertionExample -->
