<?xml version="1.0" encoding="UTF-8"?>
<!-- Generated by org.testng.reporters.JUnitReportReporter -->
<testsuite hostname="LAPTOP" failures="0" tests="1" name="obsquratest.UploadFile" time="0.335" errors="0" timestamp="2023-03-20T08:13:58 IST" skipped="0">
  <testcase classname="obsquratest.UploadFile" name="test" time="0.335"/>
  <system-out/>
</testsuite> <!-- obsquratest.UploadFile -->
